{
  "D:\\SoftwareProjekt\\order-and-pay-frontend-client\\src\\overmind\\basket\\state.ts": {
    "path": "D:\\SoftwareProjekt\\order-and-pay-frontend-client\\src\\overmind\\basket\\state.ts",
    "statementMap": {
      "0": {
        "start": {
          "line": 36,
          "column": 28
        },
        "end": {
          "line": 42,
          "column": 1
        }
      },
      "1": {
        "start": {
          "line": 40,
          "column": 47
        },
        "end": {
          "line": 40,
          "column": 101
        }
      },
      "2": {
        "start": {
          "line": 40,
          "column": 81
        },
        "end": {
          "line": 40,
          "column": 97
        }
      }
    },
    "fnMap": {
      "0": {
        "name": "(anonymous_0)",
        "decl": {
          "start": {
            "line": 40,
            "column": 28
          },
          "end": {
            "line": 40,
            "column": 29
          }
        },
        "loc": {
          "start": {
            "line": 40,
            "column": 47
          },
          "end": {
            "line": 40,
            "column": 101
          }
        },
        "line": 40
      },
      "1": {
        "name": "(anonymous_1)",
        "decl": {
          "start": {
            "line": 40,
            "column": 66
          },
          "end": {
            "line": 40,
            "column": 67
          }
        },
        "loc": {
          "start": {
            "line": 40,
            "column": 81
          },
          "end": {
            "line": 40,
            "column": 97
          }
        },
        "line": 40
      }
    },
    "branchMap": {},
    "s": {
      "0": 33,
      "1": 62,
      "2": 50
    },
    "f": {
      "0": 62,
      "1": 50
    },
    "b": {},
    "_coverageSchema": "1a1c01bbd47fc00a2c39e90264f33305004495a9",
    "hash": "ca7d7efd0dbd4c2efa763467f80d1c837bcf393a"
  },
  "D:\\SoftwareProjekt\\order-and-pay-frontend-client\\src\\overmind\\menu\\state.ts": {
    "path": "D:\\SoftwareProjekt\\order-and-pay-frontend-client\\src\\overmind\\menu\\state.ts",
    "statementMap": {
      "0": {
        "start": {
          "line": 83,
          "column": 28
        },
        "end": {
          "line": 94,
          "column": 1
        }
      }
    },
    "fnMap": {},
    "branchMap": {},
    "s": {
      "0": 33
    },
    "f": {},
    "b": {},
    "_coverageSchema": "1a1c01bbd47fc00a2c39e90264f33305004495a9",
    "hash": "e00e0bf242d563fb8d3c8a6a579b7ba3863ba91e"
  },
  "D:\\SoftwareProjekt\\order-and-pay-frontend-client\\src\\services\\utilities.ts": {
    "path": "D:\\SoftwareProjekt\\order-and-pay-frontend-client\\src\\services\\utilities.ts",
    "statementMap": {
      "0": {
        "start": {
          "line": 5,
          "column": 28
        },
        "end": {
          "line": 7,
          "column": 1
        }
      },
      "1": {
        "start": {
          "line": 6,
          "column": 4
        },
        "end": {
          "line": 6,
          "column": 101
        }
      },
      "2": {
        "start": {
          "line": 9,
          "column": 26
        },
        "end": {
          "line": 11,
          "column": 1
        }
      },
      "3": {
        "start": {
          "line": 10,
          "column": 4
        },
        "end": {
          "line": 10,
          "column": 101
        }
      },
      "4": {
        "start": {
          "line": 10,
          "column": 77
        },
        "end": {
          "line": 10,
          "column": 100
        }
      },
      "5": {
        "start": {
          "line": 14,
          "column": 24
        },
        "end": {
          "line": 38,
          "column": 1
        }
      },
      "6": {
        "start": {
          "line": 16,
          "column": 43
        },
        "end": {
          "line": 16,
          "column": 107
        }
      },
      "7": {
        "start": {
          "line": 16,
          "column": 76
        },
        "end": {
          "line": 16,
          "column": 106
        }
      },
      "8": {
        "start": {
          "line": 17,
          "column": 42
        },
        "end": {
          "line": 17,
          "column": 105
        }
      },
      "9": {
        "start": {
          "line": 17,
          "column": 78
        },
        "end": {
          "line": 17,
          "column": 104
        }
      },
      "10": {
        "start": {
          "line": 21,
          "column": 4
        },
        "end": {
          "line": 37,
          "column": 5
        }
      },
      "11": {
        "start": {
          "line": 23,
          "column": 8
        },
        "end": {
          "line": 23,
          "column": 90
        }
      },
      "12": {
        "start": {
          "line": 23,
          "column": 49
        },
        "end": {
          "line": 23,
          "column": 77
        }
      },
      "13": {
        "start": {
          "line": 26,
          "column": 36
        },
        "end": {
          "line": 26,
          "column": 38
        }
      },
      "14": {
        "start": {
          "line": 27,
          "column": 8
        },
        "end": {
          "line": 34,
          "column": 10
        }
      },
      "15": {
        "start": {
          "line": 29,
          "column": 12
        },
        "end": {
          "line": 33,
          "column": 15
        }
      },
      "16": {
        "start": {
          "line": 30,
          "column": 16
        },
        "end": {
          "line": 32,
          "column": 17
        }
      },
      "17": {
        "start": {
          "line": 31,
          "column": 20
        },
        "end": {
          "line": 31,
          "column": 63
        }
      },
      "18": {
        "start": {
          "line": 36,
          "column": 8
        },
        "end": {
          "line": 36,
          "column": 28
        }
      },
      "19": {
        "start": {
          "line": 40,
          "column": 23
        },
        "end": {
          "line": 50,
          "column": 1
        }
      },
      "20": {
        "start": {
          "line": 41,
          "column": 21
        },
        "end": {
          "line": 43,
          "column": 5
        }
      },
      "21": {
        "start": {
          "line": 44,
          "column": 4
        },
        "end": {
          "line": 48,
          "column": 7
        }
      },
      "22": {
        "start": {
          "line": 45,
          "column": 29
        },
        "end": {
          "line": 45,
          "column": 83
        }
      },
      "23": {
        "start": {
          "line": 45,
          "column": 58
        },
        "end": {
          "line": 45,
          "column": 82
        }
      },
      "24": {
        "start": {
          "line": 46,
          "column": 8
        },
        "end": {
          "line": 47,
          "column": 31
        }
      },
      "25": {
        "start": {
          "line": 47,
          "column": 12
        },
        "end": {
          "line": 47,
          "column": 31
        }
      },
      "26": {
        "start": {
          "line": 49,
          "column": 4
        },
        "end": {
          "line": 49,
          "column": 15
        }
      },
      "27": {
        "start": {
          "line": 51,
          "column": 33
        },
        "end": {
          "line": 53,
          "column": 1
        }
      },
      "28": {
        "start": {
          "line": 52,
          "column": 4
        },
        "end": {
          "line": 52,
          "column": 72
        }
      },
      "29": {
        "start": {
          "line": 52,
          "column": 44
        },
        "end": {
          "line": 52,
          "column": 71
        }
      },
      "30": {
        "start": {
          "line": 55,
          "column": 24
        },
        "end": {
          "line": 81,
          "column": 1
        }
      },
      "31": {
        "start": {
          "line": 56,
          "column": 15
        },
        "end": {
          "line": 56,
          "column": 34
        }
      },
      "32": {
        "start": {
          "line": 57,
          "column": 19
        },
        "end": {
          "line": 57,
          "column": 57
        }
      },
      "33": {
        "start": {
          "line": 58,
          "column": 24
        },
        "end": {
          "line": 58,
          "column": 25
        }
      },
      "34": {
        "start": {
          "line": 59,
          "column": 4
        },
        "end": {
          "line": 77,
          "column": 6
        }
      },
      "35": {
        "start": {
          "line": 61,
          "column": 8
        },
        "end": {
          "line": 75,
          "column": 9
        }
      },
      "36": {
        "start": {
          "line": 62,
          "column": 27
        },
        "end": {
          "line": 62,
          "column": 85
        }
      },
      "37": {
        "start": {
          "line": 62,
          "column": 60
        },
        "end": {
          "line": 62,
          "column": 84
        }
      },
      "38": {
        "start": {
          "line": 63,
          "column": 27
        },
        "end": {
          "line": 63,
          "column": 88
        }
      },
      "39": {
        "start": {
          "line": 63,
          "column": 58
        },
        "end": {
          "line": 63,
          "column": 87
        }
      },
      "40": {
        "start": {
          "line": 64,
          "column": 12
        },
        "end": {
          "line": 64,
          "column": 34
        }
      },
      "41": {
        "start": {
          "line": 67,
          "column": 27
        },
        "end": {
          "line": 67,
          "column": 85
        }
      },
      "42": {
        "start": {
          "line": 67,
          "column": 60
        },
        "end": {
          "line": 67,
          "column": 84
        }
      },
      "43": {
        "start": {
          "line": 68,
          "column": 12
        },
        "end": {
          "line": 74,
          "column": 15
        }
      },
      "44": {
        "start": {
          "line": 70,
          "column": 16
        },
        "end": {
          "line": 73,
          "column": 19
        }
      },
      "45": {
        "start": {
          "line": 71,
          "column": 20
        },
        "end": {
          "line": 72,
          "column": 46
        }
      },
      "46": {
        "start": {
          "line": 72,
          "column": 24
        },
        "end": {
          "line": 72,
          "column": 46
        }
      },
      "47": {
        "start": {
          "line": 80,
          "column": 4
        },
        "end": {
          "line": 80,
          "column": 44
        }
      },
      "48": {
        "start": {
          "line": 83,
          "column": 30
        },
        "end": {
          "line": 90,
          "column": 1
        }
      },
      "49": {
        "start": {
          "line": 84,
          "column": 22
        },
        "end": {
          "line": 84,
          "column": 23
        }
      },
      "50": {
        "start": {
          "line": 85,
          "column": 4
        },
        "end": {
          "line": 87,
          "column": 6
        }
      },
      "51": {
        "start": {
          "line": 86,
          "column": 8
        },
        "end": {
          "line": 86,
          "column": 35
        }
      },
      "52": {
        "start": {
          "line": 88,
          "column": 4
        },
        "end": {
          "line": 88,
          "column": 14
        }
      },
      "53": {
        "start": {
          "line": 92,
          "column": 27
        },
        "end": {
          "line": 100,
          "column": 1
        }
      },
      "54": {
        "start": {
          "line": 93,
          "column": 4
        },
        "end": {
          "line": 93,
          "column": 52
        }
      },
      "55": {
        "start": {
          "line": 93,
          "column": 39
        },
        "end": {
          "line": 93,
          "column": 50
        }
      },
      "56": {
        "start": {
          "line": 94,
          "column": 4
        },
        "end": {
          "line": 99,
          "column": 6
        }
      },
      "57": {
        "start": {
          "line": 95,
          "column": 8
        },
        "end": {
          "line": 98,
          "column": 9
        }
      },
      "58": {
        "start": {
          "line": 96,
          "column": 12
        },
        "end": {
          "line": 96,
          "column": 50
        }
      },
      "59": {
        "start": {
          "line": 96,
          "column": 43
        },
        "end": {
          "line": 96,
          "column": 48
        }
      },
      "60": {
        "start": {
          "line": 98,
          "column": 10
        },
        "end": {
          "line": 98,
          "column": 21
        }
      }
    },
    "fnMap": {
      "0": {
        "name": "(anonymous_0)",
        "decl": {
          "start": {
            "line": 5,
            "column": 28
          },
          "end": {
            "line": 5,
            "column": 29
          }
        },
        "loc": {
          "start": {
            "line": 5,
            "column": 47
          },
          "end": {
            "line": 7,
            "column": 1
          }
        },
        "line": 5
      },
      "1": {
        "name": "(anonymous_1)",
        "decl": {
          "start": {
            "line": 9,
            "column": 26
          },
          "end": {
            "line": 9,
            "column": 27
          }
        },
        "loc": {
          "start": {
            "line": 9,
            "column": 69
          },
          "end": {
            "line": 11,
            "column": 1
          }
        },
        "line": 9
      },
      "2": {
        "name": "(anonymous_2)",
        "decl": {
          "start": {
            "line": 10,
            "column": 59
          },
          "end": {
            "line": 10,
            "column": 60
          }
        },
        "loc": {
          "start": {
            "line": 10,
            "column": 77
          },
          "end": {
            "line": 10,
            "column": 100
          }
        },
        "line": 10
      },
      "3": {
        "name": "(anonymous_3)",
        "decl": {
          "start": {
            "line": 14,
            "column": 24
          },
          "end": {
            "line": 14,
            "column": 25
          }
        },
        "loc": {
          "start": {
            "line": 14,
            "column": 106
          },
          "end": {
            "line": 38,
            "column": 1
          }
        },
        "line": 14
      },
      "4": {
        "name": "(anonymous_4)",
        "decl": {
          "start": {
            "line": 16,
            "column": 64
          },
          "end": {
            "line": 16,
            "column": 65
          }
        },
        "loc": {
          "start": {
            "line": 16,
            "column": 76
          },
          "end": {
            "line": 16,
            "column": 106
          }
        },
        "line": 16
      },
      "5": {
        "name": "(anonymous_5)",
        "decl": {
          "start": {
            "line": 17,
            "column": 65
          },
          "end": {
            "line": 17,
            "column": 66
          }
        },
        "loc": {
          "start": {
            "line": 17,
            "column": 78
          },
          "end": {
            "line": 17,
            "column": 104
          }
        },
        "line": 17
      },
      "6": {
        "name": "(anonymous_6)",
        "decl": {
          "start": {
            "line": 23,
            "column": 39
          },
          "end": {
            "line": 23,
            "column": 40
          }
        },
        "loc": {
          "start": {
            "line": 23,
            "column": 49
          },
          "end": {
            "line": 23,
            "column": 77
          }
        },
        "line": 23
      },
      "7": {
        "name": "(anonymous_7)",
        "decl": {
          "start": {
            "line": 27,
            "column": 35
          },
          "end": {
            "line": 27,
            "column": 36
          }
        },
        "loc": {
          "start": {
            "line": 27,
            "column": 47
          },
          "end": {
            "line": 34,
            "column": 9
          }
        },
        "line": 27
      },
      "8": {
        "name": "(anonymous_8)",
        "decl": {
          "start": {
            "line": 29,
            "column": 35
          },
          "end": {
            "line": 29,
            "column": 36
          }
        },
        "loc": {
          "start": {
            "line": 29,
            "column": 41
          },
          "end": {
            "line": 33,
            "column": 13
          }
        },
        "line": 29
      },
      "9": {
        "name": "(anonymous_9)",
        "decl": {
          "start": {
            "line": 40,
            "column": 23
          },
          "end": {
            "line": 40,
            "column": 24
          }
        },
        "loc": {
          "start": {
            "line": 40,
            "column": 65
          },
          "end": {
            "line": 50,
            "column": 1
          }
        },
        "line": 40
      },
      "10": {
        "name": "(anonymous_10)",
        "decl": {
          "start": {
            "line": 44,
            "column": 28
          },
          "end": {
            "line": 44,
            "column": 29
          }
        },
        "loc": {
          "start": {
            "line": 44,
            "column": 40
          },
          "end": {
            "line": 48,
            "column": 5
          }
        },
        "line": 44
      },
      "11": {
        "name": "(anonymous_11)",
        "decl": {
          "start": {
            "line": 45,
            "column": 50
          },
          "end": {
            "line": 45,
            "column": 51
          }
        },
        "loc": {
          "start": {
            "line": 45,
            "column": 58
          },
          "end": {
            "line": 45,
            "column": 82
          }
        },
        "line": 45
      },
      "12": {
        "name": "(anonymous_12)",
        "decl": {
          "start": {
            "line": 51,
            "column": 33
          },
          "end": {
            "line": 51,
            "column": 34
          }
        },
        "loc": {
          "start": {
            "line": 51,
            "column": 83
          },
          "end": {
            "line": 53,
            "column": 1
          }
        },
        "line": 51
      },
      "13": {
        "name": "(anonymous_13)",
        "decl": {
          "start": {
            "line": 52,
            "column": 32
          },
          "end": {
            "line": 52,
            "column": 33
          }
        },
        "loc": {
          "start": {
            "line": 52,
            "column": 44
          },
          "end": {
            "line": 52,
            "column": 71
          }
        },
        "line": 52
      },
      "14": {
        "name": "(anonymous_14)",
        "decl": {
          "start": {
            "line": 55,
            "column": 24
          },
          "end": {
            "line": 55,
            "column": 25
          }
        },
        "loc": {
          "start": {
            "line": 55,
            "column": 66
          },
          "end": {
            "line": 81,
            "column": 1
          }
        },
        "line": 55
      },
      "15": {
        "name": "(anonymous_15)",
        "decl": {
          "start": {
            "line": 59,
            "column": 31
          },
          "end": {
            "line": 59,
            "column": 32
          }
        },
        "loc": {
          "start": {
            "line": 59,
            "column": 44
          },
          "end": {
            "line": 77,
            "column": 5
          }
        },
        "line": 59
      },
      "16": {
        "name": "(anonymous_16)",
        "decl": {
          "start": {
            "line": 62,
            "column": 50
          },
          "end": {
            "line": 62,
            "column": 51
          }
        },
        "loc": {
          "start": {
            "line": 62,
            "column": 60
          },
          "end": {
            "line": 62,
            "column": 84
          }
        },
        "line": 62
      },
      "17": {
        "name": "(anonymous_17)",
        "decl": {
          "start": {
            "line": 63,
            "column": 48
          },
          "end": {
            "line": 63,
            "column": 49
          }
        },
        "loc": {
          "start": {
            "line": 63,
            "column": 58
          },
          "end": {
            "line": 63,
            "column": 87
          }
        },
        "line": 63
      },
      "18": {
        "name": "(anonymous_18)",
        "decl": {
          "start": {
            "line": 67,
            "column": 50
          },
          "end": {
            "line": 67,
            "column": 51
          }
        },
        "loc": {
          "start": {
            "line": 67,
            "column": 60
          },
          "end": {
            "line": 67,
            "column": 84
          }
        },
        "line": 67
      },
      "19": {
        "name": "(anonymous_19)",
        "decl": {
          "start": {
            "line": 68,
            "column": 36
          },
          "end": {
            "line": 68,
            "column": 37
          }
        },
        "loc": {
          "start": {
            "line": 68,
            "column": 46
          },
          "end": {
            "line": 74,
            "column": 13
          }
        },
        "line": 68
      },
      "20": {
        "name": "(anonymous_20)",
        "decl": {
          "start": {
            "line": 70,
            "column": 40
          },
          "end": {
            "line": 70,
            "column": 41
          }
        },
        "loc": {
          "start": {
            "line": 70,
            "column": 49
          },
          "end": {
            "line": 73,
            "column": 17
          }
        },
        "line": 70
      },
      "21": {
        "name": "(anonymous_21)",
        "decl": {
          "start": {
            "line": 83,
            "column": 30
          },
          "end": {
            "line": 83,
            "column": 31
          }
        },
        "loc": {
          "start": {
            "line": 83,
            "column": 76
          },
          "end": {
            "line": 90,
            "column": 1
          }
        },
        "line": 83
      },
      "22": {
        "name": "(anonymous_22)",
        "decl": {
          "start": {
            "line": 85,
            "column": 25
          },
          "end": {
            "line": 85,
            "column": 26
          }
        },
        "loc": {
          "start": {
            "line": 85,
            "column": 33
          },
          "end": {
            "line": 87,
            "column": 5
          }
        },
        "line": 85
      },
      "23": {
        "name": "(anonymous_23)",
        "decl": {
          "start": {
            "line": 92,
            "column": 27
          },
          "end": {
            "line": 92,
            "column": 28
          }
        },
        "loc": {
          "start": {
            "line": 92,
            "column": 43
          },
          "end": {
            "line": 100,
            "column": 1
          }
        },
        "line": 92
      },
      "24": {
        "name": "(anonymous_24)",
        "decl": {
          "start": {
            "line": 93,
            "column": 28
          },
          "end": {
            "line": 93,
            "column": 29
          }
        },
        "loc": {
          "start": {
            "line": 93,
            "column": 39
          },
          "end": {
            "line": 93,
            "column": 50
          }
        },
        "line": 93
      },
      "25": {
        "name": "(anonymous_25)",
        "decl": {
          "start": {
            "line": 94,
            "column": 31
          },
          "end": {
            "line": 94,
            "column": 32
          }
        },
        "loc": {
          "start": {
            "line": 94,
            "column": 41
          },
          "end": {
            "line": 99,
            "column": 5
          }
        },
        "line": 94
      },
      "26": {
        "name": "(anonymous_26)",
        "decl": {
          "start": {
            "line": 96,
            "column": 32
          },
          "end": {
            "line": 96,
            "column": 33
          }
        },
        "loc": {
          "start": {
            "line": 96,
            "column": 43
          },
          "end": {
            "line": 96,
            "column": 48
          }
        },
        "line": 96
      }
    },
    "branchMap": {
      "0": {
        "loc": {
          "start": {
            "line": 10,
            "column": 11
          },
          "end": {
            "line": 10,
            "column": 101
          }
        },
        "type": "binary-expr",
        "locations": [
          {
            "start": {
              "line": 10,
              "column": 11
            },
            "end": {
              "line": 10,
              "column": 42
            }
          },
          {
            "start": {
              "line": 10,
              "column": 46
            },
            "end": {
              "line": 10,
              "column": 101
            }
          }
        ],
        "line": 10
      },
      "1": {
        "loc": {
          "start": {
            "line": 21,
            "column": 4
          },
          "end": {
            "line": 37,
            "column": 5
          }
        },
        "type": "if",
        "locations": [
          {
            "start": {
              "line": 21,
              "column": 4
            },
            "end": {
              "line": 37,
              "column": 5
            }
          },
          {
            "start": {
              "line": 21,
              "column": 4
            },
            "end": {
              "line": 37,
              "column": 5
            }
          }
        ],
        "line": 21
      },
      "2": {
        "loc": {
          "start": {
            "line": 30,
            "column": 16
          },
          "end": {
            "line": 32,
            "column": 17
          }
        },
        "type": "if",
        "locations": [
          {
            "start": {
              "line": 30,
              "column": 16
            },
            "end": {
              "line": 32,
              "column": 17
            }
          },
          {
            "start": {
              "line": 30,
              "column": 16
            },
            "end": {
              "line": 32,
              "column": 17
            }
          }
        ],
        "line": 30
      },
      "3": {
        "loc": {
          "start": {
            "line": 46,
            "column": 8
          },
          "end": {
            "line": 47,
            "column": 31
          }
        },
        "type": "if",
        "locations": [
          {
            "start": {
              "line": 46,
              "column": 8
            },
            "end": {
              "line": 47,
              "column": 31
            }
          },
          {
            "start": {
              "line": 46,
              "column": 8
            },
            "end": {
              "line": 47,
              "column": 31
            }
          }
        ],
        "line": 46
      },
      "4": {
        "loc": {
          "start": {
            "line": 61,
            "column": 8
          },
          "end": {
            "line": 75,
            "column": 9
          }
        },
        "type": "if",
        "locations": [
          {
            "start": {
              "line": 61,
              "column": 8
            },
            "end": {
              "line": 75,
              "column": 9
            }
          },
          {
            "start": {
              "line": 61,
              "column": 8
            },
            "end": {
              "line": 75,
              "column": 9
            }
          }
        ],
        "line": 61
      },
      "5": {
        "loc": {
          "start": {
            "line": 71,
            "column": 20
          },
          "end": {
            "line": 72,
            "column": 46
          }
        },
        "type": "if",
        "locations": [
          {
            "start": {
              "line": 71,
              "column": 20
            },
            "end": {
              "line": 72,
              "column": 46
            }
          },
          {
            "start": {
              "line": 71,
              "column": 20
            },
            "end": {
              "line": 72,
              "column": 46
            }
          }
        ],
        "line": 71
      },
      "6": {
        "loc": {
          "start": {
            "line": 95,
            "column": 8
          },
          "end": {
            "line": 98,
            "column": 9
          }
        },
        "type": "if",
        "locations": [
          {
            "start": {
              "line": 95,
              "column": 8
            },
            "end": {
              "line": 98,
              "column": 9
            }
          },
          {
            "start": {
              "line": 95,
              "column": 8
            },
            "end": {
              "line": 98,
              "column": 9
            }
          }
        ],
        "line": 95
      }
    },
    "s": {
      "0": 33,
      "1": 27324,
      "2": 33,
      "3": 642,
      "4": 3808,
      "5": 33,
      "6": 32,
      "7": 96,
      "8": 32,
      "9": 48,
      "10": 32,
      "11": 16,
      "12": 38,
      "13": 16,
      "14": 16,
      "15": 32,
      "16": 12,
      "17": 6,
      "18": 16,
      "19": 33,
      "20": 352,
      "21": 352,
      "22": 3520,
      "23": 21298,
      "24": 3520,
      "25": 352,
      "26": 352,
      "27": 33,
      "28": 257,
      "29": 387,
      "30": 33,
      "31": 256,
      "32": 256,
      "33": 256,
      "34": 256,
      "35": 128,
      "36": 64,
      "37": 64,
      "38": 64,
      "39": 164,
      "40": 64,
      "41": 64,
      "42": 128,
      "43": 64,
      "44": 128,
      "45": 72,
      "46": 36,
      "47": 256,
      "48": 33,
      "49": 106,
      "50": 106,
      "51": 192,
      "52": 106,
      "53": 33,
      "54": 27,
      "55": 7,
      "56": 27,
      "57": 14,
      "58": 7,
      "59": 0,
      "60": 14
    },
    "f": {
      "0": 27324,
      "1": 642,
      "2": 3808,
      "3": 32,
      "4": 96,
      "5": 48,
      "6": 38,
      "7": 32,
      "8": 12,
      "9": 352,
      "10": 3520,
      "11": 21298,
      "12": 257,
      "13": 387,
      "14": 256,
      "15": 128,
      "16": 64,
      "17": 164,
      "18": 128,
      "19": 128,
      "20": 72,
      "21": 106,
      "22": 192,
      "23": 27,
      "24": 7,
      "25": 14,
      "26": 0
    },
    "b": {
      "0": [
        642,
        470
      ],
      "1": [
        16,
        16
      ],
      "2": [
        6,
        6
      ],
      "3": [
        352,
        3168
      ],
      "4": [
        64,
        64
      ],
      "5": [
        36,
        36
      ],
      "6": [
        7,
        7
      ]
    },
    "_coverageSchema": "1a1c01bbd47fc00a2c39e90264f33305004495a9",
    "hash": "b6ddb108828d1cba2b0828a68c97450f2a1dd1e2"
  },
  "D:\\SoftwareProjekt\\order-and-pay-frontend-client\\src\\overmind\\basket\\actions.ts": {
    "path": "D:\\SoftwareProjekt\\order-and-pay-frontend-client\\src\\overmind\\basket\\actions.ts",
    "statementMap": {
      "0": {
        "start": {
          "line": 6,
          "column": 27
        },
        "end": {
          "line": 32,
          "column": 1
        }
      },
      "1": {
        "start": {
          "line": 8,
          "column": 4
        },
        "end": {
          "line": 8,
          "column": 21
        }
      },
      "2": {
        "start": {
          "line": 9,
          "column": 26
        },
        "end": {
          "line": 9,
          "column": 51
        }
      },
      "3": {
        "start": {
          "line": 11,
          "column": 4
        },
        "end": {
          "line": 11,
          "column": 52
        }
      },
      "4": {
        "start": {
          "line": 11,
          "column": 34
        },
        "end": {
          "line": 11,
          "column": 51
        }
      },
      "5": {
        "start": {
          "line": 13,
          "column": 38
        },
        "end": {
          "line": 16,
          "column": 6
        }
      },
      "6": {
        "start": {
          "line": 14,
          "column": 35
        },
        "end": {
          "line": 14,
          "column": 39
        }
      },
      "7": {
        "start": {
          "line": 15,
          "column": 8
        },
        "end": {
          "line": 15,
          "column": 19
        }
      },
      "8": {
        "start": {
          "line": 18,
          "column": 48
        },
        "end": {
          "line": 18,
          "column": 52
        }
      },
      "9": {
        "start": {
          "line": 21,
          "column": 18
        },
        "end": {
          "line": 21,
          "column": 116
        }
      },
      "10": {
        "start": {
          "line": 21,
          "column": 61
        },
        "end": {
          "line": 21,
          "column": 115
        }
      },
      "11": {
        "start": {
          "line": 22,
          "column": 4
        },
        "end": {
          "line": 26,
          "column": 5
        }
      },
      "12": {
        "start": {
          "line": 23,
          "column": 8
        },
        "end": {
          "line": 23,
          "column": 32
        }
      },
      "13": {
        "start": {
          "line": 24,
          "column": 8
        },
        "end": {
          "line": 24,
          "column": 42
        }
      },
      "14": {
        "start": {
          "line": 25,
          "column": 8
        },
        "end": {
          "line": 25,
          "column": 14
        }
      },
      "15": {
        "start": {
          "line": 27,
          "column": 4
        },
        "end": {
          "line": 27,
          "column": 45
        }
      },
      "16": {
        "start": {
          "line": 28,
          "column": 4
        },
        "end": {
          "line": 28,
          "column": 38
        }
      },
      "17": {
        "start": {
          "line": 29,
          "column": 4
        },
        "end": {
          "line": 29,
          "column": 10
        }
      },
      "18": {
        "start": {
          "line": 34,
          "column": 32
        },
        "end": {
          "line": 38,
          "column": 1
        }
      },
      "19": {
        "start": {
          "line": 36,
          "column": 4
        },
        "end": {
          "line": 36,
          "column": 46
        }
      },
      "20": {
        "start": {
          "line": 40,
          "column": 24
        },
        "end": {
          "line": 43,
          "column": 1
        }
      },
      "21": {
        "start": {
          "line": 41,
          "column": 4
        },
        "end": {
          "line": 41,
          "column": 47
        }
      },
      "22": {
        "start": {
          "line": 44,
          "column": 24
        },
        "end": {
          "line": 53,
          "column": 1
        }
      },
      "23": {
        "start": {
          "line": 46,
          "column": 4
        },
        "end": {
          "line": 46,
          "column": 48
        }
      },
      "24": {
        "start": {
          "line": 47,
          "column": 4
        },
        "end": {
          "line": 49,
          "column": 5
        }
      },
      "25": {
        "start": {
          "line": 48,
          "column": 8
        },
        "end": {
          "line": 48,
          "column": 50
        }
      }
    },
    "fnMap": {
      "0": {
        "name": "(anonymous_0)",
        "decl": {
          "start": {
            "line": 6,
            "column": 27
          },
          "end": {
            "line": 6,
            "column": 28
          }
        },
        "loc": {
          "start": {
            "line": 6,
            "column": 63
          },
          "end": {
            "line": 32,
            "column": 1
          }
        },
        "line": 6
      },
      "1": {
        "name": "(anonymous_1)",
        "decl": {
          "start": {
            "line": 11,
            "column": 26
          },
          "end": {
            "line": 11,
            "column": 27
          }
        },
        "loc": {
          "start": {
            "line": 11,
            "column": 34
          },
          "end": {
            "line": 11,
            "column": 51
          }
        },
        "line": 11
      },
      "2": {
        "name": "(anonymous_2)",
        "decl": {
          "start": {
            "line": 13,
            "column": 56
          },
          "end": {
            "line": 13,
            "column": 57
          }
        },
        "loc": {
          "start": {
            "line": 13,
            "column": 64
          },
          "end": {
            "line": 16,
            "column": 5
          }
        },
        "line": 13
      },
      "3": {
        "name": "(anonymous_3)",
        "decl": {
          "start": {
            "line": 21,
            "column": 54
          },
          "end": {
            "line": 21,
            "column": 55
          }
        },
        "loc": {
          "start": {
            "line": 21,
            "column": 61
          },
          "end": {
            "line": 21,
            "column": 115
          }
        },
        "line": 21
      },
      "4": {
        "name": "(anonymous_4)",
        "decl": {
          "start": {
            "line": 34,
            "column": 32
          },
          "end": {
            "line": 34,
            "column": 33
          }
        },
        "loc": {
          "start": {
            "line": 34,
            "column": 71
          },
          "end": {
            "line": 38,
            "column": 1
          }
        },
        "line": 34
      },
      "5": {
        "name": "(anonymous_5)",
        "decl": {
          "start": {
            "line": 40,
            "column": 24
          },
          "end": {
            "line": 40,
            "column": 25
          }
        },
        "loc": {
          "start": {
            "line": 40,
            "column": 63
          },
          "end": {
            "line": 43,
            "column": 1
          }
        },
        "line": 40
      },
      "6": {
        "name": "(anonymous_6)",
        "decl": {
          "start": {
            "line": 44,
            "column": 24
          },
          "end": {
            "line": 44,
            "column": 25
          }
        },
        "loc": {
          "start": {
            "line": 44,
            "column": 63
          },
          "end": {
            "line": 53,
            "column": 1
          }
        },
        "line": 44
      }
    },
    "branchMap": {
      "0": {
        "loc": {
          "start": {
            "line": 22,
            "column": 4
          },
          "end": {
            "line": 26,
            "column": 5
          }
        },
        "type": "if",
        "locations": [
          {
            "start": {
              "line": 22,
              "column": 4
            },
            "end": {
              "line": 26,
              "column": 5
            }
          },
          {
            "start": {
              "line": 22,
              "column": 4
            },
            "end": {
              "line": 26,
              "column": 5
            }
          }
        ],
        "line": 22
      },
      "1": {
        "loc": {
          "start": {
            "line": 47,
            "column": 4
          },
          "end": {
            "line": 49,
            "column": 5
          }
        },
        "type": "if",
        "locations": [
          {
            "start": {
              "line": 47,
              "column": 4
            },
            "end": {
              "line": 49,
              "column": 5
            }
          },
          {
            "start": {
              "line": 47,
              "column": 4
            },
            "end": {
              "line": 49,
              "column": 5
            }
          }
        ],
        "line": 47
      }
    },
    "s": {
      "0": 33,
      "1": 14,
      "2": 14,
      "3": 14,
      "4": 13,
      "5": 14,
      "6": 13,
      "7": 13,
      "8": 14,
      "9": 14,
      "10": 12,
      "11": 14,
      "12": 13,
      "13": 13,
      "14": 13,
      "15": 1,
      "16": 1,
      "17": 1,
      "18": 33,
      "19": 0,
      "20": 33,
      "21": 2,
      "22": 33,
      "23": 13,
      "24": 13,
      "25": 8
    },
    "f": {
      "0": 14,
      "1": 13,
      "2": 13,
      "3": 12,
      "4": 0,
      "5": 2,
      "6": 13
    },
    "b": {
      "0": [
        13,
        1
      ],
      "1": [
        8,
        5
      ]
    },
    "_coverageSchema": "1a1c01bbd47fc00a2c39e90264f33305004495a9",
    "hash": "62f702bfa5cf06b96bfaec8370682dfbff342918"
  },
  "D:\\SoftwareProjekt\\order-and-pay-frontend-client\\src\\config.global.ts": {
    "path": "D:\\SoftwareProjekt\\order-and-pay-frontend-client\\src\\config.global.ts",
    "statementMap": {
      "0": {
        "start": {
          "line": 2,
          "column": 22
        },
        "end": {
          "line": 7,
          "column": 1
        }
      }
    },
    "fnMap": {},
    "branchMap": {},
    "s": {
      "0": 33
    },
    "f": {},
    "b": {},
    "_coverageSchema": "1a1c01bbd47fc00a2c39e90264f33305004495a9",
    "hash": "0605df11dbc936199484641ef1257a16a86fb18c"
  },
  "D:\\SoftwareProjekt\\order-and-pay-frontend-client\\src\\services\\axios.ts": {
    "path": "D:\\SoftwareProjekt\\order-and-pay-frontend-client\\src\\services\\axios.ts",
    "statementMap": {
      "0": {
        "start": {
          "line": 4,
          "column": 23
        },
        "end": {
          "line": 6,
          "column": 2
        }
      }
    },
    "fnMap": {},
    "branchMap": {},
    "s": {
      "0": 33
    },
    "f": {},
    "b": {},
    "_coverageSchema": "1a1c01bbd47fc00a2c39e90264f33305004495a9",
    "hash": "17f200a09bed4db2f13e8052d76e82ea42f1fe73"
  },
  "D:\\SoftwareProjekt\\order-and-pay-frontend-client\\src\\overmind\\basket\\effects.ts": {
    "path": "D:\\SoftwareProjekt\\order-and-pay-frontend-client\\src\\overmind\\basket\\effects.ts",
    "statementMap": {
      "0": {
        "start": {
          "line": 4,
          "column": 24
        },
        "end": {
          "line": 6,
          "column": 1
        }
      },
      "1": {
        "start": {
          "line": 5,
          "column": 4
        },
        "end": {
          "line": 5,
          "column": 39
        }
      }
    },
    "fnMap": {
      "0": {
        "name": "(anonymous_0)",
        "decl": {
          "start": {
            "line": 4,
            "column": 24
          },
          "end": {
            "line": 4,
            "column": 25
          }
        },
        "loc": {
          "start": {
            "line": 4,
            "column": 44
          },
          "end": {
            "line": 6,
            "column": 1
          }
        },
        "line": 4
      }
    },
    "branchMap": {},
    "s": {
      "0": 33,
      "1": 0
    },
    "f": {
      "0": 0
    },
    "b": {},
    "_coverageSchema": "1a1c01bbd47fc00a2c39e90264f33305004495a9",
    "hash": "6ed3be4c66c21bfc948252a3b2d69b729642ed69"
  },
  "D:\\SoftwareProjekt\\order-and-pay-frontend-client\\src\\overmind\\basket\\index.ts": {
    "path": "D:\\SoftwareProjekt\\order-and-pay-frontend-client\\src\\overmind\\basket\\index.ts",
    "statementMap": {},
    "fnMap": {},
    "branchMap": {},
    "s": {},
    "f": {},
    "b": {},
    "_coverageSchema": "1a1c01bbd47fc00a2c39e90264f33305004495a9",
    "hash": "b06c9b5d2061e00113f1bc50215ed2ad50243676"
  },
  "D:\\SoftwareProjekt\\order-and-pay-frontend-client\\src\\overmind\\menu\\actions.ts": {
    "path": "D:\\SoftwareProjekt\\order-and-pay-frontend-client\\src\\overmind\\menu\\actions.ts",
    "statementMap": {
      "0": {
        "start": {
          "line": 3,
          "column": 24
        },
        "end": {
          "line": 17,
          "column": 1
        }
      },
      "1": {
        "start": {
          "line": 5,
          "column": 4
        },
        "end": {
          "line": 5,
          "column": 36
        }
      },
      "2": {
        "start": {
          "line": 7,
          "column": 4
        },
        "end": {
          "line": 14,
          "column": 5
        }
      },
      "3": {
        "start": {
          "line": 8,
          "column": 25
        },
        "end": {
          "line": 8,
          "column": 53
        }
      },
      "4": {
        "start": {
          "line": 9,
          "column": 8
        },
        "end": {
          "line": 9,
          "column": 50
        }
      },
      "5": {
        "start": {
          "line": 16,
          "column": 4
        },
        "end": {
          "line": 16,
          "column": 36
        }
      },
      "6": {
        "start": {
          "line": 19,
          "column": 28
        },
        "end": {
          "line": 24,
          "column": 1
        }
      },
      "7": {
        "start": {
          "line": 21,
          "column": 4
        },
        "end": {
          "line": 21,
          "column": 47
        }
      },
      "8": {
        "start": {
          "line": 23,
          "column": 4
        },
        "end": {
          "line": 23,
          "column": 25
        }
      },
      "9": {
        "start": {
          "line": 26,
          "column": 26
        },
        "end": {
          "line": 31,
          "column": 1
        }
      },
      "10": {
        "start": {
          "line": 28,
          "column": 4
        },
        "end": {
          "line": 28,
          "column": 22
        }
      },
      "11": {
        "start": {
          "line": 30,
          "column": 4
        },
        "end": {
          "line": 30,
          "column": 25
        }
      }
    },
    "fnMap": {
      "0": {
        "name": "(anonymous_0)",
        "decl": {
          "start": {
            "line": 3,
            "column": 24
          },
          "end": {
            "line": 3,
            "column": 25
          }
        },
        "loc": {
          "start": {
            "line": 3,
            "column": 63
          },
          "end": {
            "line": 17,
            "column": 1
          }
        },
        "line": 3
      },
      "1": {
        "name": "(anonymous_1)",
        "decl": {
          "start": {
            "line": 19,
            "column": 28
          },
          "end": {
            "line": 19,
            "column": 29
          }
        },
        "loc": {
          "start": {
            "line": 19,
            "column": 71
          },
          "end": {
            "line": 24,
            "column": 1
          }
        },
        "line": 19
      },
      "2": {
        "name": "(anonymous_2)",
        "decl": {
          "start": {
            "line": 26,
            "column": 26
          },
          "end": {
            "line": 26,
            "column": 27
          }
        },
        "loc": {
          "start": {
            "line": 26,
            "column": 50
          },
          "end": {
            "line": 31,
            "column": 1
          }
        },
        "line": 26
      }
    },
    "branchMap": {},
    "s": {
      "0": 33,
      "1": 37,
      "2": 37,
      "3": 37,
      "4": 32,
      "5": 33,
      "6": 33,
      "7": 56,
      "8": 56,
      "9": 33,
      "10": 35,
      "11": 35
    },
    "f": {
      "0": 37,
      "1": 56,
      "2": 35
    },
    "b": {},
    "_coverageSchema": "1a1c01bbd47fc00a2c39e90264f33305004495a9",
    "hash": "1634acc9075b25ff34aa98e99ea64db24c3f0d91"
  },
  "D:\\SoftwareProjekt\\order-and-pay-frontend-client\\src\\overmind\\menu\\effects.ts": {
    "path": "D:\\SoftwareProjekt\\order-and-pay-frontend-client\\src\\overmind\\menu\\effects.ts",
    "statementMap": {
      "0": {
        "start": {
          "line": 4,
          "column": 23
        },
        "end": {
          "line": 6,
          "column": 1
        }
      },
      "1": {
        "start": {
          "line": 5,
          "column": 4
        },
        "end": {
          "line": 5,
          "column": 51
        }
      },
      "2": {
        "start": {
          "line": 8,
          "column": 23
        },
        "end": {
          "line": 8,
          "column": 73
        }
      },
      "3": {
        "start": {
          "line": 8,
          "column": 39
        },
        "end": {
          "line": 8,
          "column": 73
        }
      }
    },
    "fnMap": {
      "0": {
        "name": "(anonymous_0)",
        "decl": {
          "start": {
            "line": 4,
            "column": 23
          },
          "end": {
            "line": 4,
            "column": 24
          }
        },
        "loc": {
          "start": {
            "line": 4,
            "column": 43
          },
          "end": {
            "line": 6,
            "column": 1
          }
        },
        "line": 4
      },
      "1": {
        "name": "(anonymous_1)",
        "decl": {
          "start": {
            "line": 8,
            "column": 23
          },
          "end": {
            "line": 8,
            "column": 24
          }
        },
        "loc": {
          "start": {
            "line": 8,
            "column": 39
          },
          "end": {
            "line": 8,
            "column": 73
          }
        },
        "line": 8
      }
    },
    "branchMap": {},
    "s": {
      "0": 33,
      "1": 37,
      "2": 33,
      "3": 0
    },
    "f": {
      "0": 37,
      "1": 0
    },
    "b": {},
    "_coverageSchema": "1a1c01bbd47fc00a2c39e90264f33305004495a9",
    "hash": "8aae64a0fc00cf43ccdaa3e4833e72fae92fac3f"
  },
  "D:\\SoftwareProjekt\\order-and-pay-frontend-client\\src\\overmind\\menu\\index.ts": {
    "path": "D:\\SoftwareProjekt\\order-and-pay-frontend-client\\src\\overmind\\menu\\index.ts",
    "statementMap": {},
    "fnMap": {},
    "branchMap": {},
    "s": {},
    "f": {},
    "b": {},
    "_coverageSchema": "1a1c01bbd47fc00a2c39e90264f33305004495a9",
    "hash": "9ec0b12868244619129cd2fb320f80ce124b2991"
  },
  "D:\\SoftwareProjekt\\order-and-pay-frontend-client\\src\\overmind\\index.ts": {
    "path": "D:\\SoftwareProjekt\\order-and-pay-frontend-client\\src\\overmind\\index.ts",
    "statementMap": {
      "0": {
        "start": {
          "line": 7,
          "column": 22
        },
        "end": {
          "line": 10,
          "column": 2
        }
      },
      "1": {
        "start": {
          "line": 18,
          "column": 27
        },
        "end": {
          "line": 18,
          "column": 53
        }
      },
      "2": {
        "start": {
          "line": 19,
          "column": 26
        },
        "end": {
          "line": 19,
          "column": 54
        }
      }
    },
    "fnMap": {},
    "branchMap": {},
    "s": {
      "0": 33,
      "1": 33,
      "2": 33
    },
    "f": {},
    "b": {},
    "_coverageSchema": "1a1c01bbd47fc00a2c39e90264f33305004495a9",
    "hash": "9d2a7d067287fa0739b3215d2022752c43458b30"
  },
  "D:\\SoftwareProjekt\\order-and-pay-frontend-client\\src\\pages\\Menu\\ShowAll.tsx": {
    "path": "D:\\SoftwareProjekt\\order-and-pay-frontend-client\\src\\pages\\Menu\\ShowAll.tsx",
    "statementMap": {
      "0": {
        "start": {
          "line": 7,
          "column": 48
        },
        "end": {
          "line": 53,
          "column": 1
        }
      },
      "1": {
        "start": {
          "line": 9,
          "column": 18
        },
        "end": {
          "line": 9,
          "column": 36
        }
      },
      "2": {
        "start": {
          "line": 11,
          "column": 23
        },
        "end": {
          "line": 31,
          "column": 6
        }
      },
      "3": {
        "start": {
          "line": 13,
          "column": 8
        },
        "end": {
          "line": 30,
          "column": 19
        }
      },
      "4": {
        "start": {
          "line": 33,
          "column": 4
        },
        "end": {
          "line": 52,
          "column": 5
        }
      }
    },
    "fnMap": {
      "0": {
        "name": "(anonymous_0)",
        "decl": {
          "start": {
            "line": 7,
            "column": 48
          },
          "end": {
            "line": 7,
            "column": 49
          }
        },
        "loc": {
          "start": {
            "line": 7,
            "column": 54
          },
          "end": {
            "line": 53,
            "column": 1
          }
        },
        "line": 7
      },
      "1": {
        "name": "(anonymous_1)",
        "decl": {
          "start": {
            "line": 11,
            "column": 60
          },
          "end": {
            "line": 11,
            "column": 61
          }
        },
        "loc": {
          "start": {
            "line": 13,
            "column": 8
          },
          "end": {
            "line": 30,
            "column": 19
          }
        },
        "line": 13
      }
    },
    "branchMap": {},
    "s": {
      "0": 33,
      "1": 6,
      "2": 6,
      "3": 60,
      "4": 6
    },
    "f": {
      "0": 6,
      "1": 60
    },
    "b": {},
    "_coverageSchema": "1a1c01bbd47fc00a2c39e90264f33305004495a9",
    "hash": "ade4e6dcd74835484a791aaacc90e3c757fd43fe"
  },
  "D:\\SoftwareProjekt\\order-and-pay-frontend-client\\src\\pages\\Error\\NotFound.tsx": {
    "path": "D:\\SoftwareProjekt\\order-and-pay-frontend-client\\src\\pages\\Error\\NotFound.tsx",
    "statementMap": {
      "0": {
        "start": {
          "line": 4,
          "column": 49
        },
        "end": {
          "line": 12,
          "column": 1
        }
      },
      "1": {
        "start": {
          "line": 6,
          "column": 4
        },
        "end": {
          "line": 11,
          "column": 5
        }
      }
    },
    "fnMap": {
      "0": {
        "name": "(anonymous_0)",
        "decl": {
          "start": {
            "line": 4,
            "column": 49
          },
          "end": {
            "line": 4,
            "column": 50
          }
        },
        "loc": {
          "start": {
            "line": 4,
            "column": 55
          },
          "end": {
            "line": 12,
            "column": 1
          }
        },
        "line": 4
      }
    },
    "branchMap": {},
    "s": {
      "0": 33,
      "1": 0
    },
    "f": {
      "0": 0
    },
    "b": {},
    "_coverageSchema": "1a1c01bbd47fc00a2c39e90264f33305004495a9",
    "hash": "015ffeed2e07742bb9fbdb96f706cc695b5beacd"
  },
  "D:\\SoftwareProjekt\\order-and-pay-frontend-client\\src\\components\\UIComponents\\CategoryButton.tsx": {
    "path": "D:\\SoftwareProjekt\\order-and-pay-frontend-client\\src\\components\\UIComponents\\CategoryButton.tsx",
    "statementMap": {
      "0": {
        "start": {
          "line": 13,
          "column": 66
        },
        "end": {
          "line": 27,
          "column": 1
        }
      },
      "1": {
        "start": {
          "line": 16,
          "column": 4
        },
        "end": {
          "line": 26,
          "column": 5
        }
      },
      "2": {
        "start": {
          "line": 18,
          "column": 31
        },
        "end": {
          "line": 18,
          "column": 49
        }
      }
    },
    "fnMap": {
      "0": {
        "name": "(anonymous_0)",
        "decl": {
          "start": {
            "line": 13,
            "column": 66
          },
          "end": {
            "line": 13,
            "column": 67
          }
        },
        "loc": {
          "start": {
            "line": 13,
            "column": 115
          },
          "end": {
            "line": 27,
            "column": 1
          }
        },
        "line": 13
      },
      "1": {
        "name": "(anonymous_1)",
        "decl": {
          "start": {
            "line": 18,
            "column": 25
          },
          "end": {
            "line": 18,
            "column": 26
          }
        },
        "loc": {
          "start": {
            "line": 18,
            "column": 31
          },
          "end": {
            "line": 18,
            "column": 49
          }
        },
        "line": 18
      }
    },
    "branchMap": {},
    "s": {
      "0": 33,
      "1": 3440,
      "2": 2
    },
    "f": {
      "0": 3440,
      "1": 2
    },
    "b": {},
    "_coverageSchema": "1a1c01bbd47fc00a2c39e90264f33305004495a9",
    "hash": "efff14e785a248b6bcc31818931bbc80457fb78e"
  },
  "D:\\SoftwareProjekt\\order-and-pay-frontend-client\\src\\components\\MenuComponents\\Categories.tsx": {
    "path": "D:\\SoftwareProjekt\\order-and-pay-frontend-client\\src\\components\\MenuComponents\\Categories.tsx",
    "statementMap": {
      "0": {
        "start": {
          "line": 11,
          "column": 62
        },
        "end": {
          "line": 22,
          "column": 1
        }
      },
      "1": {
        "start": {
          "line": 13,
          "column": 32
        },
        "end": {
          "line": 13,
          "column": 50
        }
      },
      "2": {
        "start": {
          "line": 15,
          "column": 4
        },
        "end": {
          "line": 21,
          "column": 5
        }
      },
      "3": {
        "start": {
          "line": 19,
          "column": 16
        },
        "end": {
          "line": 19,
          "column": 94
        }
      }
    },
    "fnMap": {
      "0": {
        "name": "(anonymous_0)",
        "decl": {
          "start": {
            "line": 11,
            "column": 62
          },
          "end": {
            "line": 11,
            "column": 63
          }
        },
        "loc": {
          "start": {
            "line": 11,
            "column": 94
          },
          "end": {
            "line": 22,
            "column": 1
          }
        },
        "line": 11
      },
      "1": {
        "name": "(anonymous_1)",
        "decl": {
          "start": {
            "line": 18,
            "column": 44
          },
          "end": {
            "line": 18,
            "column": 45
          }
        },
        "loc": {
          "start": {
            "line": 19,
            "column": 16
          },
          "end": {
            "line": 19,
            "column": 94
          }
        },
        "line": 19
      }
    },
    "branchMap": {},
    "s": {
      "0": 33,
      "1": 344,
      "2": 344,
      "3": 3440
    },
    "f": {
      "0": 344,
      "1": 3440
    },
    "b": {},
    "_coverageSchema": "1a1c01bbd47fc00a2c39e90264f33305004495a9",
    "hash": "5645b38482c1c15c1968480cc9a0befc446a6c94"
  },
  "D:\\SoftwareProjekt\\order-and-pay-frontend-client\\src\\components\\MenuComponents\\Search.tsx": {
    "path": "D:\\SoftwareProjekt\\order-and-pay-frontend-client\\src\\components\\MenuComponents\\Search.tsx",
    "statementMap": {
      "0": {
        "start": {
          "line": 12,
          "column": 58
        },
        "end": {
          "line": 30,
          "column": 1
        }
      },
      "1": {
        "start": {
          "line": 15,
          "column": 25
        },
        "end": {
          "line": 17,
          "column": 5
        }
      },
      "2": {
        "start": {
          "line": 16,
          "column": 8
        },
        "end": {
          "line": 16,
          "column": 23
        }
      },
      "3": {
        "start": {
          "line": 21,
          "column": 4
        },
        "end": {
          "line": 29,
          "column": 5
        }
      },
      "4": {
        "start": {
          "line": 27,
          "column": 162
        },
        "end": {
          "line": 27,
          "column": 194
        }
      }
    },
    "fnMap": {
      "0": {
        "name": "(anonymous_0)",
        "decl": {
          "start": {
            "line": 12,
            "column": 58
          },
          "end": {
            "line": 12,
            "column": 59
          }
        },
        "loc": {
          "start": {
            "line": 12,
            "column": 87
          },
          "end": {
            "line": 30,
            "column": 1
          }
        },
        "line": 12
      },
      "1": {
        "name": "(anonymous_1)",
        "decl": {
          "start": {
            "line": 15,
            "column": 25
          },
          "end": {
            "line": 15,
            "column": 26
          }
        },
        "loc": {
          "start": {
            "line": 15,
            "column": 44
          },
          "end": {
            "line": 17,
            "column": 5
          }
        },
        "line": 15
      },
      "2": {
        "name": "(anonymous_2)",
        "decl": {
          "start": {
            "line": 27,
            "column": 151
          },
          "end": {
            "line": 27,
            "column": 152
          }
        },
        "loc": {
          "start": {
            "line": 27,
            "column": 160
          },
          "end": {
            "line": 27,
            "column": 196
          }
        },
        "line": 27
      }
    },
    "branchMap": {},
    "s": {
      "0": 33,
      "1": 122,
      "2": 51,
      "3": 122,
      "4": 51
    },
    "f": {
      "0": 122,
      "1": 51,
      "2": 51
    },
    "b": {},
    "_coverageSchema": "1a1c01bbd47fc00a2c39e90264f33305004495a9",
    "hash": "386d9a299612b915620e47ccf9e61c456c3d0691"
  },
  "D:\\SoftwareProjekt\\order-and-pay-frontend-client\\src\\components\\MenuComponents\\DishCard.tsx": {
    "path": "D:\\SoftwareProjekt\\order-and-pay-frontend-client\\src\\components\\MenuComponents\\DishCard.tsx",
    "statementMap": {
      "0": {
        "start": {
          "line": 13,
          "column": 60
        },
        "end": {
          "line": 39,
          "column": 1
        }
      },
      "1": {
        "start": {
          "line": 15,
          "column": 4
        },
        "end": {
          "line": 38,
          "column": 5
        }
      }
    },
    "fnMap": {
      "0": {
        "name": "(anonymous_0)",
        "decl": {
          "start": {
            "line": 13,
            "column": 60
          },
          "end": {
            "line": 13,
            "column": 61
          }
        },
        "loc": {
          "start": {
            "line": 13,
            "column": 74
          },
          "end": {
            "line": 39,
            "column": 1
          }
        },
        "line": 13
      }
    },
    "branchMap": {},
    "s": {
      "0": 33,
      "1": 23092
    },
    "f": {
      "0": 23092
    },
    "b": {},
    "_coverageSchema": "1a1c01bbd47fc00a2c39e90264f33305004495a9",
    "hash": "a09bf45f1711ebfb055d4c37917e6ec0a7d714b7"
  },
  "D:\\SoftwareProjekt\\order-and-pay-frontend-client\\src\\components\\MenuComponents\\Searchbar.tsx": {
    "path": "D:\\SoftwareProjekt\\order-and-pay-frontend-client\\src\\components\\MenuComponents\\Searchbar.tsx",
    "statementMap": {
      "0": {
        "start": {
          "line": 14,
          "column": 61
        },
        "end": {
          "line": 70,
          "column": 1
        }
      },
      "1": {
        "start": {
          "line": 17,
          "column": 28
        },
        "end": {
          "line": 17,
          "column": 40
        }
      },
      "2": {
        "start": {
          "line": 18,
          "column": 44
        },
        "end": {
          "line": 18,
          "column": 59
        }
      },
      "3": {
        "start": {
          "line": 20,
          "column": 15
        },
        "end": {
          "line": 20,
          "column": 49
        }
      },
      "4": {
        "start": {
          "line": 23,
          "column": 17
        },
        "end": {
          "line": 38,
          "column": 3
        }
      },
      "5": {
        "start": {
          "line": 24,
          "column": 30
        },
        "end": {
          "line": 24,
          "column": 32
        }
      },
      "6": {
        "start": {
          "line": 26,
          "column": 4
        },
        "end": {
          "line": 36,
          "column": 5
        }
      },
      "7": {
        "start": {
          "line": 27,
          "column": 6
        },
        "end": {
          "line": 34,
          "column": 8
        }
      },
      "8": {
        "start": {
          "line": 28,
          "column": 8
        },
        "end": {
          "line": 33,
          "column": 10
        }
      },
      "9": {
        "start": {
          "line": 29,
          "column": 10
        },
        "end": {
          "line": 32,
          "column": 11
        }
      },
      "10": {
        "start": {
          "line": 30,
          "column": 12
        },
        "end": {
          "line": 30,
          "column": 34
        }
      },
      "11": {
        "start": {
          "line": 37,
          "column": 4
        },
        "end": {
          "line": 37,
          "column": 22
        }
      },
      "12": {
        "start": {
          "line": 39,
          "column": 28
        },
        "end": {
          "line": 39,
          "column": 41
        }
      },
      "13": {
        "start": {
          "line": 42,
          "column": 28
        },
        "end": {
          "line": 49,
          "column": 4
        }
      },
      "14": {
        "start": {
          "line": 43,
          "column": 4
        },
        "end": {
          "line": 48,
          "column": 10
        }
      },
      "15": {
        "start": {
          "line": 44,
          "column": 6
        },
        "end": {
          "line": 44,
          "column": 65
        }
      },
      "16": {
        "start": {
          "line": 45,
          "column": 6
        },
        "end": {
          "line": 45,
          "column": 29
        }
      },
      "17": {
        "start": {
          "line": 47,
          "column": 71
        },
        "end": {
          "line": 47,
          "column": 101
        }
      },
      "18": {
        "start": {
          "line": 51,
          "column": 2
        },
        "end": {
          "line": 69,
          "column": 3
        }
      },
      "19": {
        "start": {
          "line": 57,
          "column": 29
        },
        "end": {
          "line": 57,
          "column": 51
        }
      },
      "20": {
        "start": {
          "line": 59,
          "column": 134
        },
        "end": {
          "line": 59,
          "column": 157
        }
      }
    },
    "fnMap": {
      "0": {
        "name": "(anonymous_0)",
        "decl": {
          "start": {
            "line": 14,
            "column": 61
          },
          "end": {
            "line": 14,
            "column": 62
          }
        },
        "loc": {
          "start": {
            "line": 14,
            "column": 94
          },
          "end": {
            "line": 70,
            "column": 1
          }
        },
        "line": 14
      },
      "1": {
        "name": "(anonymous_1)",
        "decl": {
          "start": {
            "line": 23,
            "column": 17
          },
          "end": {
            "line": 23,
            "column": 18
          }
        },
        "loc": {
          "start": {
            "line": 23,
            "column": 36
          },
          "end": {
            "line": 38,
            "column": 3
          }
        },
        "line": 23
      },
      "2": {
        "name": "(anonymous_2)",
        "decl": {
          "start": {
            "line": 27,
            "column": 30
          },
          "end": {
            "line": 27,
            "column": 31
          }
        },
        "loc": {
          "start": {
            "line": 27,
            "column": 42
          },
          "end": {
            "line": 34,
            "column": 7
          }
        },
        "line": 27
      },
      "3": {
        "name": "(anonymous_3)",
        "decl": {
          "start": {
            "line": 28,
            "column": 32
          },
          "end": {
            "line": 28,
            "column": 33
          }
        },
        "loc": {
          "start": {
            "line": 28,
            "column": 40
          },
          "end": {
            "line": 33,
            "column": 9
          }
        },
        "line": 28
      },
      "4": {
        "name": "(anonymous_4)",
        "decl": {
          "start": {
            "line": 42,
            "column": 44
          },
          "end": {
            "line": 42,
            "column": 45
          }
        },
        "loc": {
          "start": {
            "line": 43,
            "column": 4
          },
          "end": {
            "line": 48,
            "column": 10
          }
        },
        "line": 43
      },
      "5": {
        "name": "(anonymous_5)",
        "decl": {
          "start": {
            "line": 43,
            "column": 34
          },
          "end": {
            "line": 43,
            "column": 35
          }
        },
        "loc": {
          "start": {
            "line": 43,
            "column": 40
          },
          "end": {
            "line": 46,
            "column": 5
          }
        },
        "line": 43
      },
      "6": {
        "name": "(anonymous_6)",
        "decl": {
          "start": {
            "line": 47,
            "column": 59
          },
          "end": {
            "line": 47,
            "column": 60
          }
        },
        "loc": {
          "start": {
            "line": 47,
            "column": 71
          },
          "end": {
            "line": 47,
            "column": 101
          }
        },
        "line": 47
      },
      "7": {
        "name": "(anonymous_7)",
        "decl": {
          "start": {
            "line": 57,
            "column": 22
          },
          "end": {
            "line": 57,
            "column": 23
          }
        },
        "loc": {
          "start": {
            "line": 57,
            "column": 29
          },
          "end": {
            "line": 57,
            "column": 51
          }
        },
        "line": 57
      },
      "8": {
        "name": "(anonymous_8)",
        "decl": {
          "start": {
            "line": 59,
            "column": 128
          },
          "end": {
            "line": 59,
            "column": 129
          }
        },
        "loc": {
          "start": {
            "line": 59,
            "column": 134
          },
          "end": {
            "line": 59,
            "column": 157
          }
        },
        "line": 59
      }
    },
    "branchMap": {
      "0": {
        "loc": {
          "start": {
            "line": 26,
            "column": 4
          },
          "end": {
            "line": 36,
            "column": 5
          }
        },
        "type": "if",
        "locations": [
          {
            "start": {
              "line": 26,
              "column": 4
            },
            "end": {
              "line": 36,
              "column": 5
            }
          },
          {
            "start": {
              "line": 26,
              "column": 4
            },
            "end": {
              "line": 36,
              "column": 5
            }
          }
        ],
        "line": 26
      },
      "1": {
        "loc": {
          "start": {
            "line": 29,
            "column": 10
          },
          "end": {
            "line": 32,
            "column": 11
          }
        },
        "type": "if",
        "locations": [
          {
            "start": {
              "line": 29,
              "column": 10
            },
            "end": {
              "line": 32,
              "column": 11
            }
          },
          {
            "start": {
              "line": 29,
              "column": 10
            },
            "end": {
              "line": 32,
              "column": 11
            }
          }
        ],
        "line": 29
      },
      "2": {
        "loc": {
          "start": {
            "line": 58,
            "column": 7
          },
          "end": {
            "line": 66,
            "column": 14
          }
        },
        "type": "binary-expr",
        "locations": [
          {
            "start": {
              "line": 58,
              "column": 7
            },
            "end": {
              "line": 58,
              "column": 20
            }
          },
          {
            "start": {
              "line": 59,
              "column": 8
            },
            "end": {
              "line": 66,
              "column": 14
            }
          }
        ],
        "line": 58
      }
    },
    "s": {
      "0": 33,
      "1": 484,
      "2": 484,
      "3": 484,
      "4": 484,
      "5": 484,
      "6": 484,
      "7": 48,
      "8": 480,
      "9": 3168,
      "10": 440,
      "11": 484,
      "12": 484,
      "13": 484,
      "14": 440,
      "15": 1,
      "16": 1,
      "17": 1504,
      "18": 484,
      "19": 10,
      "20": 10
    },
    "f": {
      "0": 484,
      "1": 484,
      "2": 480,
      "3": 3168,
      "4": 440,
      "5": 1,
      "6": 1504,
      "7": 10,
      "8": 10
    },
    "b": {
      "0": [
        48,
        436
      ],
      "1": [
        440,
        2728
      ],
      "2": [
        484,
        122
      ]
    },
    "_coverageSchema": "1a1c01bbd47fc00a2c39e90264f33305004495a9",
    "hash": "7bf159bd53872f1c7ab15f22ab1352ee0fec9d57"
  },
  "D:\\SoftwareProjekt\\order-and-pay-frontend-client\\src\\components\\MenuComponents\\Head.tsx": {
    "path": "D:\\SoftwareProjekt\\order-and-pay-frontend-client\\src\\components\\MenuComponents\\Head.tsx",
    "statementMap": {
      "0": {
        "start": {
          "line": 16,
          "column": 56
        },
        "end": {
          "line": 36,
          "column": 1
        }
      },
      "1": {
        "start": {
          "line": 20,
          "column": 4
        },
        "end": {
          "line": 35,
          "column": 5
        }
      }
    },
    "fnMap": {
      "0": {
        "name": "(anonymous_0)",
        "decl": {
          "start": {
            "line": 16,
            "column": 56
          },
          "end": {
            "line": 16,
            "column": 57
          }
        },
        "loc": {
          "start": {
            "line": 16,
            "column": 102
          },
          "end": {
            "line": 36,
            "column": 1
          }
        },
        "line": 16
      }
    },
    "branchMap": {},
    "s": {
      "0": 33,
      "1": 344
    },
    "f": {
      "0": 344
    },
    "b": {},
    "_coverageSchema": "1a1c01bbd47fc00a2c39e90264f33305004495a9",
    "hash": "8f253e568a62b33eeeafce58a83210ceda23ede4"
  },
  "D:\\SoftwareProjekt\\order-and-pay-frontend-client\\src\\components\\MenuComponents\\MenuComponent.tsx": {
    "path": "D:\\SoftwareProjekt\\order-and-pay-frontend-client\\src\\components\\MenuComponents\\MenuComponent.tsx",
    "statementMap": {
      "0": {
        "start": {
          "line": 12,
          "column": 65
        },
        "end": {
          "line": 38,
          "column": 1
        }
      },
      "1": {
        "start": {
          "line": 13,
          "column": 51
        },
        "end": {
          "line": 13,
          "column": 69
        }
      },
      "2": {
        "start": {
          "line": 15,
          "column": 4
        },
        "end": {
          "line": 37,
          "column": 8
        }
      },
      "3": {
        "start": {
          "line": 17,
          "column": 12
        },
        "end": {
          "line": 35,
          "column": 18
        }
      },
      "4": {
        "start": {
          "line": 31,
          "column": 24
        },
        "end": {
          "line": 33,
          "column": 30
        }
      },
      "5": {
        "start": {
          "line": 31,
          "column": 120
        },
        "end": {
          "line": 31,
          "column": 148
        }
      }
    },
    "fnMap": {
      "0": {
        "name": "(anonymous_0)",
        "decl": {
          "start": {
            "line": 12,
            "column": 65
          },
          "end": {
            "line": 12,
            "column": 66
          }
        },
        "loc": {
          "start": {
            "line": 12,
            "column": 125
          },
          "end": {
            "line": 38,
            "column": 1
          }
        },
        "line": 12
      },
      "1": {
        "name": "(anonymous_1)",
        "decl": {
          "start": {
            "line": 16,
            "column": 85
          },
          "end": {
            "line": 16,
            "column": 86
          }
        },
        "loc": {
          "start": {
            "line": 17,
            "column": 12
          },
          "end": {
            "line": 35,
            "column": 18
          }
        },
        "line": 17
      },
      "2": {
        "name": "(anonymous_2)",
        "decl": {
          "start": {
            "line": 30,
            "column": 41
          },
          "end": {
            "line": 30,
            "column": 42
          }
        },
        "loc": {
          "start": {
            "line": 31,
            "column": 24
          },
          "end": {
            "line": 33,
            "column": 30
          }
        },
        "line": 31
      },
      "3": {
        "name": "(anonymous_3)",
        "decl": {
          "start": {
            "line": 31,
            "column": 114
          },
          "end": {
            "line": 31,
            "column": 115
          }
        },
        "loc": {
          "start": {
            "line": 31,
            "column": 120
          },
          "end": {
            "line": 31,
            "column": 148
          }
        },
        "line": 31
      }
    },
    "branchMap": {
      "0": {
        "loc": {
          "start": {
            "line": 16,
            "column": 9
          },
          "end": {
            "line": 36,
            "column": 10
          }
        },
        "type": "binary-expr",
        "locations": [
          {
            "start": {
              "line": 16,
              "column": 9
            },
[...]
        "type": "cond-expr",
        "locations": [
          {
            "start": {
              "line": 20,
              "column": 55
            },
            "end": {
              "line": 20,
              "column": 86
            }
          },
          {
            "start": {
              "line": 20,
              "column": 89
            },
            "end": {
              "line": 22,
              "column": 10
            }
          }
        ],
        "line": 20
      }
    },
    "s": {
      "0": 33,
      "1": 170,
      "2": 138,
      "3": 138,
      "4": 37,
      "5": 37,
      "6": 37,
      "7": 37,
      "8": 6,
      "9": 138
    },
    "f": {
      "0": 170,
      "1": 37,
      "2": 6
    },
    "b": {
      "0": [
        37,
        0
      ],
      "1": [
        72,
        66
      ]
    },
    "_coverageSchema": "1a1c01bbd47fc00a2c39e90264f33305004495a9",
    "hash": "b1917094b774c137f4b3d7f810eaa0660a48e9be"
  },
  "D:\\SoftwareProjekt\\order-and-pay-frontend-client\\src\\components\\UIComponents\\FooterButton.tsx": {
    "path": "D:\\SoftwareProjekt\\order-and-pay-frontend-client\\src\\components\\UIComponents\\FooterButton.tsx",
    "statementMap": {
      "0": {
        "start": {
          "line": 11,
          "column": 64
        },
        "end": {
          "line": 24,
          "column": 1
        }
      },
      "1": {
        "start": {
          "line": 14,
          "column": 4
        },
        "end": {
          "line": 23,
          "column": 5
        }
      }
    },
    "fnMap": {
      "0": {
        "name": "(anonymous_0)",
        "decl": {
          "start": {
            "line": 11,
            "column": 64
          },
          "end": {
            "line": 11,
            "column": 65
          }
        },
        "loc": {
          "start": {
            "line": 11,
            "column": 99
          },
          "end": {
            "line": 24,
            "column": 1
          }
        },
        "line": 11
      }
    },
    "branchMap": {},
    "s": {
      "0": 33,
      "1": 36
    },
    "f": {
      "0": 36
    },
    "b": {},
    "_coverageSchema": "1a1c01bbd47fc00a2c39e90264f33305004495a9",
    "hash": "6d893cbc87d841ebc8f50ad13344b8629df832c0"
  },
  "D:\\SoftwareProjekt\\order-and-pay-frontend-client\\src\\components\\UIComponents\\Header.tsx": {
    "path": "D:\\SoftwareProjekt\\order-and-pay-frontend-client\\src\\components\\UIComponents\\Header.tsx",
    "statementMap": {
      "0": {
        "start": {
          "line": 12,
          "column": 58
        },
        "end": {
          "line": 28,
          "column": 1
        }
      },
      "1": {
        "start": {
          "line": 15,
          "column": 4
        },
        "end": {
          "line": 27,
          "column": 5
        }
      }
    },
    "fnMap": {
      "0": {
        "name": "(anonymous_0)",
        "decl": {
          "start": {
            "line": 12,
            "column": 58
          },
          "end": {
            "line": 12,
            "column": 59
          }
        },
        "loc": {
          "start": {
            "line": 12,
            "column": 99
          },
          "end": {
            "line": 28,
            "column": 1
          }
        },
        "line": 12
      }
    },
    "branchMap": {},
    "s": {
      "0": 33,
      "1": 36
    },
    "f": {
      "0": 36
    },
    "b": {},
    "_coverageSchema": "1a1c01bbd47fc00a2c39e90264f33305004495a9",
    "hash": "0130545b2d6bdc08fce4562f0a05c9b179f853a1"
  },
  "D:\\SoftwareProjekt\\order-and-pay-frontend-client\\src\\pages\\Basket\\basket.tsx": {
    "path": "D:\\SoftwareProjekt\\order-and-pay-frontend-client\\src\\pages\\Basket\\basket.tsx",
    "statementMap": {
      "0": {
        "start": {
          "line": 8,
          "column": 47
        },
        "end": {
          "line": 77,
          "column": 1
        }
      },
      "1": {
        "start": {
          "line": 10,
          "column": 35
        },
        "end": {
          "line": 10,
          "column": 54
        }
      },
      "2": {
        "start": {
          "line": 11,
          "column": 27
        },
        "end": {
          "line": 11,
          "column": 54
        }
      },
      "3": {
        "start": {
          "line": 12,
          "column": 17
        },
        "end": {
          "line": 12,
          "column": 51
        }
      },
      "4": {
        "start": {
          "line": 13,
          "column": 19
        },
        "end": {
          "line": 13,
          "column": 46
        }
      },
      "5": {
        "start": {
          "line": 17,
          "column": 21
        },
        "end": {
          "line": 44,
          "column": 6
        }
      },
      "6": {
        "start": {
          "line": 18,
          "column": 8
        },
        "end": {
          "line": 41,
          "column": 14
        }
      },
      "7": {
        "start": {
          "line": 22,
          "column": 20
        },
        "end": {
          "line": 22,
          "column": 70
        }
      },
      "8": {
        "start": {
          "line": 33,
          "column": 145
        },
        "end": {
          "line": 33,
          "column": 160
        }
      },
      "9": {
        "start": {
          "line": 37,
          "column": 131
        },
        "end": {
          "line": 37,
          "column": 146
        }
      },
      "10": {
        "start": {
          "line": 46,
          "column": 4
        },
        "end": {
          "line": 76,
          "column": 5
        }
      }
    },
    "fnMap": {
      "0": {
        "name": "(anonymous_0)",
        "decl": {
          "start": {
            "line": 8,
            "column": 47
          },
          "end": {
            "line": 8,
            "column": 48
          }
        },
        "loc": {
          "start": {
            "line": 8,
            "column": 53
          },
          "end": {
            "line": 77,
            "column": 1
          }
        },
        "line": 8
      },
      "1": {
        "name": "(anonymous_1)",
        "decl": {
          "start": {
            "line": 17,
            "column": 38
          },
          "end": {
            "line": 17,
            "column": 39
          }
        },
        "loc": {
          "start": {
            "line": 18,
            "column": 8
          },
          "end": {
            "line": 41,
            "column": 14
          }
        },
        "line": 18
      },
      "2": {
        "name": "(anonymous_2)",
        "decl": {
          "start": {
            "line": 21,
            "column": 73
          },
          "end": {
            "line": 21,
            "column": 74
          }
        },
        "loc": {
          "start": {
            "line": 22,
            "column": 20
          },
          "end": {
            "line": 22,
            "column": 70
          }
        },
        "line": 22
      },
      "3": {
        "name": "(anonymous_3)",
        "decl": {
          "start": {
            "line": 33,
            "column": 137
          },
          "end": {
            "line": 33,
            "column": 138
          }
        },
        "loc": {
          "start": {
            "line": 33,
            "column": 143
          },
          "end": {
            "line": 33,
            "column": 162
          }
        },
        "line": 33
      },
      "4": {
        "name": "(anonymous_4)",
        "decl": {
          "start": {
            "line": 37,
            "column": 123
          },
          "end": {
            "line": 37,
            "column": 124
          }
        },
        "loc": {
          "start": {
            "line": 37,
            "column": 129
          },
          "end": {
            "line": 37,
            "column": 148
          }
        },
        "line": 37
      }
    },
    "branchMap": {
      "0": {
        "loc": {
          "start": {
            "line": 25,
            "column": 21
          },
          "end": {
            "line": 25,
            "column": 85
          }
        },
        "type": "binary-expr",
        "locations": [
          {
            "start": {
              "line": 25,
              "column": 21
            },
            "end": {
              "line": 25,
              "column": 41
            }
          },
          {
            "start": {
              "line": 25,
              "column": 45
            },
            "end": {
              "line": 25,
              "column": 85
            }
          }
        ],
        "line": 25
      }
    },
    "s": {
      "0": 33,
      "1": 38,
      "2": 36,
      "3": 36,
      "4": 36,
      "5": 36,
      "6": 64,
      "7": 32,
      "8": 13,
      "9": 2,
      "10": 36
    },
    "f": {
      "0": 38,
      "1": 64,
      "2": 32,
      "3": 13,
      "4": 2
    },
    "b": {
      "0": [
        64,
        0
      ]
    },
    "_coverageSchema": "1a1c01bbd47fc00a2c39e90264f33305004495a9",
    "hash": "e4f57f919cbc57e1c79004b081354b6a538c3f01"
  },
  "D:\\SoftwareProjekt\\order-and-pay-frontend-client\\src\\components\\UIComponents\\PaymentMethod.tsx": {
    "path": "D:\\SoftwareProjekt\\order-and-pay-frontend-client\\src\\components\\UIComponents\\PaymentMethod.tsx",
    "statementMap": {
      "0": {
        "start": {
          "line": 13,
          "column": 65
        },
        "end": {
          "line": 27,
          "column": 1
        }
      },
      "1": {
        "start": {
          "line": 16,
          "column": 4
        },
        "end": {
          "line": 26,
          "column": 5
        }
      }
    },
    "fnMap": {
      "0": {
        "name": "(anonymous_0)",
        "decl": {
          "start": {
            "line": 13,
            "column": 65
          },
          "end": {
            "line": 13,
            "column": 66
          }
        },
        "loc": {
          "start": {
            "line": 13,
            "column": 100
          },
          "end": {
            "line": 27,
            "column": 1
          }
        },
        "line": 13
      }
    },
    "branchMap": {},
    "s": {
      "0": 33,
      "1": 0
    },
    "f": {
      "0": 0
    },
    "b": {},
    "_coverageSchema": "1a1c01bbd47fc00a2c39e90264f33305004495a9",
    "hash": "7844af50b04b452f8111067e27e504df3f2fabc7"
  },
  "D:\\SoftwareProjekt\\order-and-pay-frontend-client\\src\\pages\\Basket\\Checkout.tsx": {
    "path": "D:\\SoftwareProjekt\\order-and-pay-frontend-client\\src\\pages\\Basket\\Checkout.tsx",
    "statementMap": {
      "0": {
        "start": {
          "line": 10,
          "column": 49
        },
        "end": {
          "line": 52,
          "column": 1
        }
      },
      "1": {
        "start": {
          "line": 12,
          "column": 17
        },
        "end": {
          "line": 12,
          "column": 51
        }
      },
      "2": {
        "start": {
          "line": 13,
          "column": 19
        },
        "end": {
          "line": 13,
          "column": 46
        }
      },
      "3": {
        "start": {
          "line": 15,
          "column": 4
        },
        "end": {
          "line": 51,
          "column": 5
        }
      }
    },
    "fnMap": {
      "0": {
        "name": "(anonymous_0)",
        "decl": {
          "start": {
            "line": 10,
            "column": 49
          },
          "end": {
            "line": 10,
            "column": 50
          }
        },
        "loc": {
          "start": {
            "line": 10,
            "column": 55
          },
          "end": {
            "line": 52,
            "column": 1
          }
        },
        "line": 10
      }
    },
    "branchMap": {},
    "s": {
      "0": 33,
      "1": 0,
      "2": 0,
      "3": 0
    },
    "f": {
      "0": 0
    },
    "b": {},
    "_coverageSchema": "1a1c01bbd47fc00a2c39e90264f33305004495a9",
    "hash": "3b1d8619b467590be36d876ac1b6226c7d65e54e"
  },
  "D:\\SoftwareProjekt\\order-and-pay-frontend-client\\src\\pages\\Basket\\Payment.tsx": {
    "path": "D:\\SoftwareProjekt\\order-and-pay-frontend-client\\src\\pages\\Basket\\Payment.tsx",
    "statementMap": {
      "0": {
        "start": {
          "line": 3,
          "column": 48
        },
        "end": {
          "line": 18,
          "column": 1
        }
      },
      "1": {
        "start": {
          "line": 5,
          "column": 4
        },
        "end": {
          "line": 17,
          "column": 5
        }
      }
    },
    "fnMap": {
      "0": {
        "name": "(anonymous_0)",
        "decl": {
          "start": {
            "line": 3,
            "column": 48
          },
          "end": {
            "line": 3,
            "column": 49
          }
        },
        "loc": {
          "start": {
            "line": 3,
            "column": 54
          },
          "end": {
            "line": 18,
            "column": 1
          }
        },
        "line": 3
      }
    },
    "branchMap": {},
    "s": {
      "0": 33,
      "1": 0
    },
    "f": {
      "0": 0
    },
    "b": {},
    "_coverageSchema": "1a1c01bbd47fc00a2c39e90264f33305004495a9",
    "hash": "80edc791bfc6eaab12cd2856bd731ab826235e2b"
  },
  "D:\\SoftwareProjekt\\order-and-pay-frontend-client\\src\\components\\App\\App.tsx": {
    "path": "D:\\SoftwareProjekt\\order-and-pay-frontend-client\\src\\components\\App\\App.tsx",
    "statementMap": {
      "0": {
        "start": {
          "line": 12,
          "column": 0
        },
        "end": {
          "line": 12,
          "column": 16
        }
      },
      "1": {
        "start": {
          "line": 14,
          "column": 44
        },
        "end": {
          "line": 31,
          "column": 1
        }
      },
      "2": {
        "start": {
          "line": 16,
          "column": 2
        },
        "end": {
          "line": 30,
          "column": 3
        }
      }
    },
    "fnMap": {
      "0": {
        "name": "(anonymous_0)",
        "decl": {
          "start": {
            "line": 14,
            "column": 44
          },
          "end": {
            "line": 14,
            "column": 45
          }
        },
        "loc": {
          "start": {
            "line": 14,
            "column": 50
          },
          "end": {
            "line": 31,
            "column": 1
          }
        },
        "line": 14
      }
    },
    "branchMap": {},
    "s": {
      "0": 33,
      "1": 33,
      "2": 98
    },
    "f": {
      "0": 98
    },
    "b": {},
    "_coverageSchema": "1a1c01bbd47fc00a2c39e90264f33305004495a9",
    "hash": "4e02ed1b2a96bc8d4cdaa78d3b6cef13aae0d6cd"
  },
  "D:\\SoftwareProjekt\\order-and-pay-frontend-client\\src\\reportWebVitals.ts": {
    "path": "D:\\SoftwareProjekt\\order-and-pay-frontend-client\\src\\reportWebVitals.ts",
    "statementMap": {
      "0": {
        "start": {
          "line": 3,
          "column": 24
        },
        "end": {
          "line": 13,
          "column": 1
        }
      },
      "1": {
        "start": {
          "line": 4,
          "column": 2
        },
        "end": {
          "line": 12,
          "column": 3
        }
      },
      "2": {
        "start": {
          "line": 5,
          "column": 4
        },
        "end": {
          "line": 11,
          "column": 7
        }
      },
      "3": {
        "start": {
          "line": 6,
          "column": 6
        },
        "end": {
          "line": 6,
          "column": 26
        }
      },
      "4": {
        "start": {
          "line": 7,
          "column": 6
        },
        "end": {
          "line": 7,
          "column": 26
        }
      },
      "5": {
        "start": {
          "line": 8,
          "column": 6
        },
        "end": {
          "line": 8,
          "column": 26
        }
      },
      "6": {
        "start": {
          "line": 9,
          "column": 6
        },
        "end": {
          "line": 9,
          "column": 26
        }
      },
      "7": {
        "start": {
          "line": 10,
          "column": 6
        },
        "end": {
          "line": 10,
          "column": 27
        }
      }
    },
    "fnMap": {
      "0": {
        "name": "(anonymous_0)",
        "decl": {
          "start": {
            "line": 3,
            "column": 24
          },
          "end": {
            "line": 3,
            "column": 25
          }
        },
        "loc": {
          "start": {
            "line": 3,
            "column": 57
          },
          "end": {
            "line": 13,
            "column": 1
          }
        },
        "line": 3
      },
      "1": {
        "name": "(anonymous_1)",
        "decl": {
          "start": {
            "line": 5,
            "column": 30
          },
          "end": {
            "line": 5,
            "column": 31
          }
        },
        "loc": {
          "start": {
            "line": 5,
            "column": 79
          },
          "end": {
            "line": 11,
            "column": 5
          }
        },
        "line": 5
      }
    },
    "branchMap": {
      "0": {
        "loc": {
          "start": {
            "line": 4,
            "column": 2
          },
          "end": {
            "line": 12,
            "column": 3
          }
        },
        "type": "if",
        "locations": [
          {
            "start": {
              "line": 4,
              "column": 2
            },
            "end": {
              "line": 12,
              "column": 3
            }
          },
          {
            "start": {
              "line": 4,
              "column": 2
            },
            "end": {
              "line": 12,
              "column": 3
            }
          }
        ],
        "line": 4
      },
      "1": {
        "loc": {
          "start": {
            "line": 4,
            "column": 6
          },
          "end": {
            "line": 4,
            "column": 52
          }
        },
        "type": "binary-expr",
        "locations": [
          {
            "start": {
              "line": 4,
              "column": 6
            },
            "end": {
              "line": 4,
              "column": 17
            }
          },
          {
            "start": {
              "line": 4,
              "column": 21
            },
            "end": {
              "line": 4,
              "column": 52
            }
          }
        ],
        "line": 4
      }
    },
    "s": {
      "0": 33,
      "1": 33,
      "2": 0,
      "3": 0,
      "4": 0,
      "5": 0,
      "6": 0,
      "7": 0
    },
    "f": {
      "0": 33,
      "1": 0
    },
    "b": {
      "0": [
        0,
        33
      ],
      "1": [
        33,
        0
      ]
    },
    "_coverageSchema": "1a1c01bbd47fc00a2c39e90264f33305004495a9",
    "hash": "bb10fe1b0cf6722a010cf311be4fa25c9697c210"
  },
  "D:\\SoftwareProjekt\\order-and-pay-frontend-client\\src\\index.tsx": {
    "path": "D:\\SoftwareProjekt\\order-and-pay-frontend-client\\src\\index.tsx",
    "statementMap": {
      "0": {
        "start": {
          "line": 10,
          "column": 17
        },
        "end": {
          "line": 12,
          "column": 2
        }
      },
      "1": {
        "start": {
          "line": 14,
          "column": 0
        },
        "end": {
          "line": 21,
          "column": 2
        }
      },
      "2": {
        "start": {
          "line": 26,
          "column": 0
        },
        "end": {
          "line": 26,
          "column": 18
        }
      }
    },
    "fnMap": {},
    "branchMap": {},
    "s": {
      "0": 33,
      "1": 33,
      "2": 33
    },
    "f": {},
    "b": {},
    "_coverageSchema": "1a1c01bbd47fc00a2c39e90264f33305004495a9",
    "hash": "c939b2baa73d84103e1188f3fac02ef963a62700"
  }
}